<?xml version="1.0" encoding="UTF-8"?>
<!-- Generated by org.testng.reporters.JUnitXMLReporter -->
<testsuite hostname="LAPTOP-VRIV7SIU" failures="1" tests="2" name="Tests For UZI" time="13.807" errors="0" timestamp="17 Mar 2022 18:50:30 GMT">
  <testcase classname="testcases.TestLogin" name="enter_SiginDetails" time="0.935"/>
  <testcase classname="testcases.TestLogin" name="create_new_dashboard" time="2.677">
    <failure type="java.lang.IllegalArgumentException" message="Input must be set">
      <![CDATA[java.lang.IllegalArgumentException: Input must be set
	at org.openqa.selenium.internal.Require.nonNull(Require.java:56)
	at org.openqa.selenium.support.ui.FluentWait.<init>(FluentWait.java:97)
	at org.openqa.selenium.support.ui.WebDriverWait.<init>(WebDriverWait.java:128)
	at org.openqa.selenium.support.ui.WebDriverWait.<init>(WebDriverWait.java:61)
	at org.openqa.selenium.support.ui.WebDriverWait.<init>(WebDriverWait.java:48)
	at pages.CreateDashboardPage.<init>(CreateDashboardPage.java:17)
	at testcases.TestLogin.create_new_dashboard(TestLogin.java:57)
	at org.apache.maven.surefire.testng.TestNGExecutor.run(TestNGExecutor.java:281)
	at org.apache.maven.surefire.testng.TestNGXmlTestSuite.execute(TestNGXmlTestSuite.java:75)
	at org.apache.maven.surefire.testng.TestNGProvider.invoke(TestNGProvider.java:121)
	at org.apache.maven.surefire.booter.ForkedBooter.invokeProviderInSameClassLoader(ForkedBooter.java:290)
	at org.apache.maven.surefire.booter.ForkedBooter.runSuitesInProcess(ForkedBooter.java:242)
	at org.apache.maven.surefire.booter.ForkedBooter.main(ForkedBooter.java:121)
... Removed 21 stack frames]]>
    </failure>
  </testcase> <!-- create_new_dashboard -->
</testsuite> <!-- Tests For UZI -->
